<?xml version="1.0" encoding="UTF-8"?>
<!-- Generated by org.testng.reporters.JUnitReportReporter -->
<testsuite skipped="0" hostname="HCLT-PC5929-1" name="com.hcl.gim.testscripts.TYSS_GIM_037" tests="1" failures="0" timestamp="08 Dec 2020 13:06:13 GMT" time="52.537" errors="0">
  <testcase name="TYSS_GIM_037" time="52.537" classname="com.hcl.gim.testscripts.TYSS_GIM_037"/>
</testsuite> <!-- com.hcl.gim.testscripts.TYSS_GIM_037 -->
