<?xml version="1.0" encoding="UTF-8"?>
<!-- Generated by org.testng.reporters.JUnitReportReporter -->
<testsuite hostname="HCLT-PC5929-1" failures="0" tests="1" name="com.hcl.gim.testscripts.hcl_jewels.TYSS_GIM_HJ_0019" time="139.011" errors="0" timestamp="25 Feb 2021 23:13:04 GMT" skipped="0">
  <testcase classname="com.hcl.gim.testscripts.hcl_jewels.TYSS_GIM_HJ_0019" name="TC_TYSS_GIM_HJ_0019" time="139.011"/>
</testsuite> <!-- com.hcl.gim.testscripts.hcl_jewels.TYSS_GIM_HJ_0019 -->
