<?xml version="1.0" encoding="UTF-8"?>
<!-- Generated by org.testng.reporters.JUnitReportReporter -->
<testsuite hostname="HCLT-PC5929-1" failures="0" tests="1" name="com.hcl.gim.testscripts.ikhaya.TYSS_GIM_ISB_011" time="150.738" errors="0" timestamp="25 Feb 2021 23:13:04 GMT" skipped="0">
  <testcase classname="com.hcl.gim.testscripts.ikhaya.TYSS_GIM_ISB_011" name="TC_TYSS_GIM_ISB_011" time="150.738"/>
</testsuite> <!-- com.hcl.gim.testscripts.ikhaya.TYSS_GIM_ISB_011 -->
