<?xml version="1.0" encoding="UTF-8"?>
<!-- Generated by org.testng.reporters.JUnitReportReporter -->
<testsuite hostname="HCLT-PC5929-1" failures="0" tests="1" name="com.hcl.gim.testscripts.retention_bonus.TYSS_GIM_RB_0015" time="109.739" errors="0" timestamp="25 Feb 2021 23:13:04 GMT" skipped="0">
  <testcase classname="com.hcl.gim.testscripts.retention_bonus.TYSS_GIM_RB_0015" name="TC_TYSS_GIM_RB_0015" time="109.739"/>
</testsuite> <!-- com.hcl.gim.testscripts.retention_bonus.TYSS_GIM_RB_0015 -->
