<?xml version="1.0" encoding="UTF-8"?>
<!-- Generated by org.testng.reporters.JUnitReportReporter -->
<testsuite hostname="HCLT-PC5929-1" failures="0" tests="1" name="com.hcl.gim.testscripts.exgratia_language_allowance.TYSS_GIM_ELA_0014" time="8.081" errors="0" timestamp="25 Feb 2021 23:13:05 GMT" skipped="0">
  <testcase classname="com.hcl.gim.testscripts.exgratia_language_allowance.TYSS_GIM_ELA_0014" name="TC_TYSS_GIM_ELA_00014" time="8.081"/>
</testsuite> <!-- com.hcl.gim.testscripts.exgratia_language_allowance.TYSS_GIM_ELA_0014 -->
