<?xml version="1.0" encoding="UTF-8"?>
<!-- Generated by org.testng.reporters.JUnitReportReporter -->
<testsuite hostname="HCLT-PC5929-1" failures="0" tests="1" name="com.hcl.gim.testscripts.otherflows.TYSS_GIM_ELA_0005" time="203.599" errors="0" timestamp="03 Jan 2021 17:20:49 GMT" skipped="0">
  <testcase classname="com.hcl.gim.testscripts.otherflows.TYSS_GIM_ELA_0005" name="TYSS_GIM_ELA_0005" time="203.599"/>
</testsuite> <!-- com.hcl.gim.testscripts.otherflows.TYSS_GIM_ELA_0005 -->
