<?xml version="1.0" encoding="UTF-8"?>
<!-- Generated by org.testng.reporters.JUnitReportReporter -->
<testsuite hostname="HCLT-PC5929-1" failures="0" tests="1" name="com.hcl.gim.testscripts.otherflows.TYSS_GIM_ELA_0021" time="43.877" errors="0" timestamp="01 Jan 2021 07:27:42 GMT" skipped="0">
  <testcase classname="com.hcl.gim.testscripts.otherflows.TYSS_GIM_ELA_0021" name="TYSS_GIM_ELA_0021" time="43.877"/>
</testsuite> <!-- com.hcl.gim.testscripts.otherflows.TYSS_GIM_ELA_0021 -->
