<?xml version="1.0" encoding="UTF-8"?>
<!-- Generated by org.testng.reporters.JUnitReportReporter -->
<testsuite hostname="HCLT-PC5929-1" failures="0" tests="1" name="com.hcl.gim.testscripts.exgratia_language_allowance.TYSS_GIM_ELA_0006" time="23.945" errors="0" timestamp="26 Feb 2021 07:38:18 GMT" skipped="0">
  <testcase classname="com.hcl.gim.testscripts.exgratia_language_allowance.TYSS_GIM_ELA_0006" name="TC_TYSS_GIM_ELA_0006" time="23.945"/>
</testsuite> <!-- com.hcl.gim.testscripts.exgratia_language_allowance.TYSS_GIM_ELA_0006 -->
