<?xml version="1.0" encoding="UTF-8"?>
<!-- Generated by org.testng.reporters.JUnitReportReporter -->
<testsuite hostname="HCLT-PC5929-1" failures="0" tests="1" name="com.hcl.gim.testscripts.otherflows.TYSS_GIM_ELA_0013" time="219.681" errors="0" timestamp="04 Jan 2021 16:56:04 GMT" skipped="0">
  <testcase classname="com.hcl.gim.testscripts.otherflows.TYSS_GIM_ELA_0013" name="TYSS_GIM_ELA_00013" time="219.681"/>
</testsuite> <!-- com.hcl.gim.testscripts.otherflows.TYSS_GIM_ELA_0013 -->
