<?xml version="1.0" encoding="UTF-8"?>
<!-- Generated by org.testng.reporters.JUnitReportReporter -->
<testsuite hostname="HCLT-PC5929-1" failures="0" tests="1" name="com.hcl.gim.testscripts.TYSS_GIM_033_D" time="0.310" errors="0" timestamp="14 Dec 2020 06:46:17 GMT" skipped="0">
  <testcase classname="com.hcl.gim.testscripts.TYSS_GIM_033_D" name="TC_TYSS_GIM_0033" time="0.310"/>
</testsuite> <!-- com.hcl.gim.testscripts.TYSS_GIM_033_D -->
