<?xml version="1.0" encoding="UTF-8"?>
<!-- Generated by org.testng.reporters.JUnitReportReporter -->
<testsuite hostname="HCLT-PC5929-1" failures="0" tests="1" name="com.hcl.gim.testscripts.TYSS_GIM_036" time="58.218" errors="0" timestamp="11 Dec 2020 04:23:46 GMT" skipped="0">
  <testcase classname="com.hcl.gim.testscripts.TYSS_GIM_036" name="TYSS_GIM_036" time="58.218"/>
</testsuite> <!-- com.hcl.gim.testscripts.TYSS_GIM_036 -->
