<?xml version="1.0" encoding="UTF-8"?>
<!-- Generated by org.testng.reporters.JUnitReportReporter -->
<testsuite hostname="HCLT-PC5929-1" failures="0" tests="1" name="com.hcl.gim.testscripts.foundation_bonus.TYSS_GIM_FB_0018" time="130.601" errors="0" timestamp="25 Feb 2021 23:13:04 GMT" skipped="0">
  <testcase classname="com.hcl.gim.testscripts.foundation_bonus.TYSS_GIM_FB_0018" name="TC_TYSS_GIM_FB_0018" time="130.601"/>
</testsuite> <!-- com.hcl.gim.testscripts.foundation_bonus.TYSS_GIM_FB_0018 -->
