<?xml version="1.0" encoding="UTF-8"?>
<!-- Generated by org.testng.reporters.JUnitReportReporter -->
<testsuite hostname="HCLT-PC5929-1" failures="0" tests="1" name="com.hcl.gim.testscripts.transport_allowance.TYSS_GIM_TA_0016" time="130.948" errors="0" timestamp="25 Feb 2021 23:13:04 GMT" skipped="0">
  <testcase classname="com.hcl.gim.testscripts.transport_allowance.TYSS_GIM_TA_0016" name="TC_TYSS_GIM_TA_0016" time="130.948"/>
</testsuite> <!-- com.hcl.gim.testscripts.transport_allowance.TYSS_GIM_TA_0016 -->
