<?xml version="1.0" encoding="UTF-8"?>
<!-- Generated by org.testng.reporters.JUnitReportReporter -->
<testsuite hostname="HCLT-PC5929-1" failures="0" tests="1" name="com.hcl.gim.testscripts.rsu.TYSS_GIM_RSU_0005" time="125.442" errors="0" timestamp="25 Feb 2021 23:13:05 GMT" skipped="0">
  <testcase classname="com.hcl.gim.testscripts.rsu.TYSS_GIM_RSU_0005" name="TC_TYSS_GIM_RSU_0005" time="125.442"/>
</testsuite> <!-- com.hcl.gim.testscripts.rsu.TYSS_GIM_RSU_0005 -->
