<?xml version="1.0" encoding="UTF-8"?>
<!-- Generated by org.testng.reporters.JUnitReportReporter -->
<testsuite hostname="HCLT-PC5929-1" failures="0" tests="1" name="com.hcl.gim.testscripts.clientbonus_reward_incentive.TYSS_GIM_CBRI_0007" time="5.612" errors="0" timestamp="25 Feb 2021 23:13:04 GMT" skipped="0">
  <testcase classname="com.hcl.gim.testscripts.clientbonus_reward_incentive.TYSS_GIM_CBRI_0007" name="TC_TYSS_GIM_CBRI_0007" time="5.612"/>
</testsuite> <!-- com.hcl.gim.testscripts.clientbonus_reward_incentive.TYSS_GIM_CBRI_0007 -->
