<?xml version="1.0" encoding="UTF-8"?>
<!-- Generated by org.testng.reporters.JUnitReportReporter -->
<testsuite hostname="HCLT-PC5929-1" failures="0" tests="1" name="com.hcl.gim.testscripts.exgratia_language_allowance.TYSS_GIM_ELA_0008" time="31.657" errors="0" timestamp="26 Feb 2021 07:39:11 GMT" skipped="0">
  <testcase classname="com.hcl.gim.testscripts.exgratia_language_allowance.TYSS_GIM_ELA_0008" name="TC_TYSS_GIM_ELA_0008" time="31.657"/>
</testsuite> <!-- com.hcl.gim.testscripts.exgratia_language_allowance.TYSS_GIM_ELA_0008 -->
