<?xml version="1.0" encoding="UTF-8"?>
<!-- Generated by org.testng.reporters.JUnitReportReporter -->
<testsuite hostname="HCLT-PC5929-1" failures="0" tests="1" name="com.hcl.gim.testscripts.hcl_jewels.TYSS_GIM_HJ_0009" time="10.419" errors="0" timestamp="25 Feb 2021 23:13:05 GMT" skipped="0">
  <testcase classname="com.hcl.gim.testscripts.hcl_jewels.TYSS_GIM_HJ_0009" name="TC_TYSS_GIM_HJ_0009" time="10.419"/>
</testsuite> <!-- com.hcl.gim.testscripts.hcl_jewels.TYSS_GIM_HJ_0009 -->
