<?xml version="1.0" encoding="UTF-8"?>
<!-- Generated by org.testng.reporters.JUnitReportReporter -->
<testsuite hostname="HCLT-PC5929-1" failures="0" tests="1" name="com.hcl.gim.testscripts.DemoTest" time="8.067" errors="0" timestamp="22 Dec 2020 11:30:42 GMT" skipped="0">
  <testcase classname="com.hcl.gim.testscripts.DemoTest" name="DemoTest" time="8.067"/>
</testsuite> <!-- com.hcl.gim.testscripts.DemoTest -->
