<?xml version="1.0" encoding="UTF-8"?>
<!-- Generated by org.testng.reporters.JUnitReportReporter -->
<testsuite hostname="HCLT-PC5929-1" failures="0" tests="1" name="com.hcl.gim.testscripts.retentionbonus.TYSS_GIM_RB_0005" time="23.122" errors="0" timestamp="21 Jan 2021 09:43:28 GMT" skipped="0">
  <testcase classname="com.hcl.gim.testscripts.retentionbonus.TYSS_GIM_RB_0005" name="TC_TYSS_GIM_RB_0005" time="23.122"/>
</testsuite> <!-- com.hcl.gim.testscripts.retentionbonus.TYSS_GIM_RB_0005 -->
