<?xml version="1.0" encoding="UTF-8"?>
<!-- Generated by org.testng.reporters.JUnitReportReporter -->
<testsuite hostname="HCLT-PC5929-1" failures="0" tests="1" name="com.hcl.gim.testscripts.hcl_jewels.TYSS_GIM_HJ_0020" time="8.499" errors="0" timestamp="25 Feb 2021 23:48:40 GMT" skipped="0">
  <testcase classname="com.hcl.gim.testscripts.hcl_jewels.TYSS_GIM_HJ_0020" name="TC_TYSS_GIM_HJ_0020" time="8.499"/>
</testsuite> <!-- com.hcl.gim.testscripts.hcl_jewels.TYSS_GIM_HJ_0020 -->
